<?xml version="1.0" encoding="UTF-8"?>
<testsuites name="jest tests" tests="737" failures="0" errors="0" time="5.522">
  <testsuite name="controllers/appellant-submission/supporting-documents" errors="0" failures="0" skipped="0" timestamp="2021-09-07T02:23:26" time="0.692" tests="10">
    <testcase classname="controllers/appellant-submission/supporting-documents getSupportingDocuments should call the correct template" name="controllers/appellant-submission/supporting-documents getSupportingDocuments should call the correct template" time="0.001">
    </testcase>
    <testcase classname="controllers/appellant-submission/supporting-documents postSupportingDocuments should re-render the template with errors if submission validation fails" name="controllers/appellant-submission/supporting-documents postSupportingDocuments should re-render the template with errors if submission validation fails" time="0">
    </testcase>
    <testcase classname="controllers/appellant-submission/supporting-documents postSupportingDocuments should re-render the template with errors if submission validation fails" name="controllers/appellant-submission/supporting-documents postSupportingDocuments should re-render the template with errors if submission validation fails" time="0.001">
    </testcase>
    <testcase classname="controllers/appellant-submission/supporting-documents postSupportingDocuments should re-render the template with errors if submission validation fails" name="controllers/appellant-submission/supporting-documents postSupportingDocuments should re-render the template with errors if submission validation fails" time="0">
    </testcase>
    <testcase classname="controllers/appellant-submission/supporting-documents postSupportingDocuments should log an error if the api call fails, and remain on the same page" name="controllers/appellant-submission/supporting-documents postSupportingDocuments should log an error if the api call fails, and remain on the same page" time="0">
    </testcase>
    <testcase classname="controllers/appellant-submission/supporting-documents postSupportingDocuments should not require req.files to be valid" name="controllers/appellant-submission/supporting-documents postSupportingDocuments should not require req.files to be valid" time="0.001">
    </testcase>
    <testcase classname="controllers/appellant-submission/supporting-documents postSupportingDocuments conditional redirect should redirect - upload-and-remain-on-page - if valid - single file" name="controllers/appellant-submission/supporting-documents postSupportingDocuments conditional redirect should redirect - upload-and-remain-on-page - if valid - single file" time="0">
    </testcase>
    <testcase classname="controllers/appellant-submission/supporting-documents postSupportingDocuments conditional redirect should redirect - task list - if valid - single file" name="controllers/appellant-submission/supporting-documents postSupportingDocuments conditional redirect should redirect - task list - if valid - single file" time="0.001">
    </testcase>
    <testcase classname="controllers/appellant-submission/supporting-documents postSupportingDocuments conditional redirect should redirect - upload-and-remain-on-page if valid - multiple file" name="controllers/appellant-submission/supporting-documents postSupportingDocuments conditional redirect should redirect - upload-and-remain-on-page if valid - multiple file" time="0.001">
    </testcase>
    <testcase classname="controllers/appellant-submission/supporting-documents postSupportingDocuments conditional redirect should redirect - task list if valid - multiple file" name="controllers/appellant-submission/supporting-documents postSupportingDocuments conditional redirect should redirect - task list if valid - multiple file" time="0">
    </testcase>
  </testsuite>
  <testsuite name="controllers/appellant-submission/task-list" errors="0" failures="0" skipped="0" timestamp="2021-09-07T02:23:26" time="0.672" tests="3">
    <testcase classname="controllers/appellant-submission/task-list getTaskList All the tasks except check answers should be in not started" name="controllers/appellant-submission/task-list getTaskList All the tasks except check answers should be in not started" time="0.005">
    </testcase>
    <testcase classname="controllers/appellant-submission/task-list getTaskList Some tasks still in progress and check your answer cannot be started" name="controllers/appellant-submission/task-list getTaskList Some tasks still in progress and check your answer cannot be started" time="0.001">
    </testcase>
    <testcase classname="controllers/appellant-submission/task-list getTaskList All the mandatory tasks should be completed and check your answer can be started" name="controllers/appellant-submission/task-list getTaskList All the mandatory tasks should be completed and check your answer can be started" time="0">
    </testcase>
  </testsuite>
  <testsuite name="validators/custom/date-input" errors="0" failures="0" skipped="0" timestamp="2021-09-07T02:23:26" time="0.813" tests="23">
    <testcase classname="validators/custom/date-input rules has a rule to check for empty day input" name="validators/custom/date-input rules has a rule to check for empty day input" time="0.003">
    </testcase>
    <testcase classname="validators/custom/date-input rules has a rule to check for empty month input" name="validators/custom/date-input rules has a rule to check for empty month input" time="0">
    </testcase>
    <testcase classname="validators/custom/date-input rules has a rule for check for empty year input" name="validators/custom/date-input rules has a rule for check for empty year input" time="0.001">
    </testcase>
    <testcase classname="validators/custom/date-input rules has a rule to check for valid day input" name="validators/custom/date-input rules has a rule to check for valid day input" time="0.001">
    </testcase>
    <testcase classname="validators/custom/date-input rules has a rule to check for valid month input" name="validators/custom/date-input rules has a rule to check for valid month input" time="0.001">
    </testcase>
    <testcase classname="validators/custom/date-input rules has a rule for valid year input" name="validators/custom/date-input rules has a rule for valid year input" time="0">
    </testcase>
    <testcase classname="validators/custom/date-input validator should return the expected validation outcome - invalid (all empty) - fail" name="validators/custom/date-input validator should return the expected validation outcome - invalid (all empty) - fail" time="0.003">
    </testcase>
    <testcase classname="validators/custom/date-input validator should return the expected validation outcome - invalid (empty day, month) - fail" name="validators/custom/date-input validator should return the expected validation outcome - invalid (empty day, month) - fail" time="0.009">
    </testcase>
    <testcase classname="validators/custom/date-input validator should return the expected validation outcome - invalid (empty day, year) - fail" name="validators/custom/date-input validator should return the expected validation outcome - invalid (empty day, year) - fail" time="0.003">
    </testcase>
    <testcase classname="validators/custom/date-input validator should return the expected validation outcome - invalid (empty day) - fail" name="validators/custom/date-input validator should return the expected validation outcome - invalid (empty day) - fail" time="0.003">
    </testcase>
    <testcase classname="validators/custom/date-input validator should return the expected validation outcome - invalid (empty month, year) - fail" name="validators/custom/date-input validator should return the expected validation outcome - invalid (empty month, year) - fail" time="0.002">
    </testcase>
    <testcase classname="validators/custom/date-input validator should return the expected validation outcome - invalid (empty month) - fail" name="validators/custom/date-input validator should return the expected validation outcome - invalid (empty month) - fail" time="0.003">
    </testcase>
    <testcase classname="validators/custom/date-input validator should return the expected validation outcome - invalid (empty year) - fail" name="validators/custom/date-input validator should return the expected validation outcome - invalid (empty year) - fail" time="0">
    </testcase>
    <testcase classname="validators/custom/date-input validator should return the expected validation outcome - invalid (day not integer) - fail" name="validators/custom/date-input validator should return the expected validation outcome - invalid (day not integer) - fail" time="0.001">
    </testcase>
    <testcase classname="validators/custom/date-input validator should return the expected validation outcome - invalid (day &gt; 31) - fail" name="validators/custom/date-input validator should return the expected validation outcome - invalid (day &gt; 31) - fail" time="0.001">
    </testcase>
    <testcase classname="validators/custom/date-input validator should return the expected validation outcome - invalid (31 day in 30 day month) - fail" name="validators/custom/date-input validator should return the expected validation outcome - invalid (31 day in 30 day month) - fail" time="0.001">
    </testcase>
    <testcase classname="validators/custom/date-input validator should return the expected validation outcome - invalid (29 days in February when not leap year) - fail" name="validators/custom/date-input validator should return the expected validation outcome - invalid (29 days in February when not leap year) - fail" time="0.004">
    </testcase>
    <testcase classname="validators/custom/date-input validator should return the expected validation outcome - invalid (month not numeric) - fail" name="validators/custom/date-input validator should return the expected validation outcome - invalid (month not numeric) - fail" time="0.003">
    </testcase>
    <testcase classname="validators/custom/date-input validator should return the expected validation outcome - invalid (impossible number months) - fail" name="validators/custom/date-input validator should return the expected validation outcome - invalid (impossible number months) - fail" time="0.002">
    </testcase>
    <testcase classname="validators/custom/date-input validator should return the expected validation outcome - invalid (year not numeric) - fail" name="validators/custom/date-input validator should return the expected validation outcome - invalid (year not numeric) - fail" time="0.003">
    </testcase>
    <testcase classname="validators/custom/date-input validator should return the expected validation outcome - invalid (year outside range) - fail" name="validators/custom/date-input validator should return the expected validation outcome - invalid (year outside range) - fail" time="0.001">
    </testcase>
    <testcase classname="validators/custom/date-input validator should return the expected validation outcome - valid date (29 days in leap year) - pass" name="validators/custom/date-input validator should return the expected validation outcome - valid date (29 days in leap year) - pass" time="0">
    </testcase>
    <testcase classname="validators/custom/date-input validator should return the expected validation outcome - valid date - pass" name="validators/custom/date-input validator should return the expected validation outcome - valid date - pass" time="0.001">
    </testcase>
  </testsuite>
  <testsuite name="middleware/check-decision-date-deadline" errors="0" failures="0" skipped="0" timestamp="2021-09-07T02:23:26" time="1.028" tests="6">
    <testcase classname="middleware/check-decision-date-deadline should redirect the user to the decision date passed page if the decision date is outside the expiry period and the decision date page is not being rendered" name="middleware/check-decision-date-deadline should redirect the user to the decision date passed page if the decision date is outside the expiry period and the decision date page is not being rendered" time="0.013">
    </testcase>
    <testcase classname="middleware/check-decision-date-deadline should continue if the decision date is outside the expiry period and the decision date page is being rendered" name="middleware/check-decision-date-deadline should continue if the decision date is outside the expiry period and the decision date page is being rendered" time="0.002">
    </testcase>
    <testcase classname="middleware/check-decision-date-deadline should continue if there is no appeal data" name="middleware/check-decision-date-deadline should continue if there is no appeal data" time="0">
    </testcase>
    <testcase classname="middleware/check-decision-date-deadline should continue if the appeal data is null" name="middleware/check-decision-date-deadline should continue if the appeal data is null" time="0.001">
    </testcase>
    <testcase classname="middleware/check-decision-date-deadline should continue if the decision date is null" name="middleware/check-decision-date-deadline should continue if the decision date is null" time="0">
    </testcase>
    <testcase classname="middleware/check-decision-date-deadline should continue if the decision date is inside the expiry period" name="middleware/check-decision-date-deadline should continue if the decision date is inside the expiry period" time="0.001">
    </testcase>
  </testsuite>
  <testsuite name="controllers/eligibility/decision-date" errors="0" failures="0" skipped="0" timestamp="2021-09-07T02:23:26" time="1.05" tests="11">
    <testcase classname="controllers/eligibility/decision-date getNoDecision should call the correct template" name="controllers/eligibility/decision-date getNoDecision should call the correct template" time="0.001">
    </testcase>
    <testcase classname="controllers/eligibility/decision-date getDecisionDate should call the correct template decision date unevaluated" name="controllers/eligibility/decision-date getDecisionDate should call the correct template decision date unevaluated" time="0">
    </testcase>
    <testcase classname="controllers/eligibility/decision-date getDecisionDate should call the correct template with existing decision date" name="controllers/eligibility/decision-date getDecisionDate should call the correct template with existing decision date" time="0.007">
    </testcase>
    <testcase classname="controllers/eligibility/decision-date postDecisionDate should display the decision date passed template if the decision date is passed" name="controllers/eligibility/decision-date postDecisionDate should display the decision date passed template if the decision date is passed" time="0.002">
    </testcase>
    <testcase classname="controllers/eligibility/decision-date postDecisionDate should display the decision date template with errors if any field is invalid" name="controllers/eligibility/decision-date postDecisionDate should display the decision date template with errors if any field is invalid" time="0.001">
    </testcase>
    <testcase classname="controllers/eligibility/decision-date postDecisionDate should redirect to planning department as deadline date is not passed" name="controllers/eligibility/decision-date postDecisionDate should redirect to planning department as deadline date is not passed" time="0.002">
    </testcase>
    <testcase classname="controllers/eligibility/decision-date postDecisionDate should redirect to decision drop out as deadline date is passed" name="controllers/eligibility/decision-date postDecisionDate should redirect to decision drop out as deadline date is passed" time="0.001">
    </testcase>
    <testcase classname="controllers/eligibility/decision-date should re-render the template with errors if there is any validation error" name="controllers/eligibility/decision-date should re-render the template with errors if there is any validation error" time="0.001">
    </testcase>
    <testcase classname="controllers/eligibility/decision-date should re-render the template with errors if there is any api call error" name="controllers/eligibility/decision-date should re-render the template with errors if there is any api call error" time="0.001">
    </testcase>
    <testcase classname="controllers/eligibility/decision-date getDecisionDatePassed should call the correct template with deadline not valued" name="controllers/eligibility/decision-date getDecisionDatePassed should call the correct template with deadline not valued" time="0">
    </testcase>
    <testcase classname="controllers/eligibility/decision-date getDecisionDatePassed should call the correct template with deadline date being 12 weeks after decision date" name="controllers/eligibility/decision-date getDecisionDatePassed should call the correct template with deadline date being 12 weeks after decision date" time="0.004">
    </testcase>
  </testsuite>
  <testsuite name="routes/appellant-submission/index" errors="0" failures="0" skipped="0" timestamp="2021-09-07T02:23:27" time="0.439" tests="1">
    <testcase classname="routes/appellant-submission/index should define the expected routes" name="routes/appellant-submission/index should define the expected routes" time="0.329">
    </testcase>
  </testsuite>
  <testsuite name="validators/appellant-submission/site-location" errors="0" failures="0" skipped="0" timestamp="2021-09-07T02:23:27" time="0.292" tests="24">
    <testcase classname="validators/appellant-submission/site-location rules should have the expected number of rules" name="validators/appellant-submission/site-location rules should have the expected number of rules" time="0.001">
    </testcase>
    <testcase classname="validators/appellant-submission/site-location rules ruleAddressLine1 is configured with the expected rules" name="validators/appellant-submission/site-location rules ruleAddressLine1 is configured with the expected rules" time="0.003">
    </testcase>
    <testcase classname="validators/appellant-submission/site-location rules ruleAddressLine2 is configured with the expected rules" name="validators/appellant-submission/site-location rules ruleAddressLine2 is configured with the expected rules" time="0.023">
    </testcase>
    <testcase classname="validators/appellant-submission/site-location rules ruleAddressTownCity is configured with the expected rules" name="validators/appellant-submission/site-location rules ruleAddressTownCity is configured with the expected rules" time="0.016">
    </testcase>
    <testcase classname="validators/appellant-submission/site-location rules ruleAddressCounty is configured with the expected rules" name="validators/appellant-submission/site-location rules ruleAddressCounty is configured with the expected rules" time="0.004">
    </testcase>
    <testcase classname="validators/appellant-submission/site-location rules ruleAddressPostCode is configured with the expected rules" name="validators/appellant-submission/site-location rules ruleAddressPostCode is configured with the expected rules" time="0.001">
    </testcase>
    <testcase classname="validators/appellant-submission/site-location validator should return the expected validation outcome - valid - full address provided" name="validators/appellant-submission/site-location validator should return the expected validation outcome - valid - full address provided" time="0.003">
    </testcase>
    <testcase classname="validators/appellant-submission/site-location validator should return the expected validation outcome - valid - minimum address provided" name="validators/appellant-submission/site-location validator should return the expected validation outcome - valid - minimum address provided" time="0.001">
    </testcase>
    <testcase classname="validators/appellant-submission/site-location validator should return the expected validation outcome - valid - address line 2 is missing" name="validators/appellant-submission/site-location validator should return the expected validation outcome - valid - address line 2 is missing" time="0.001">
    </testcase>
    <testcase classname="validators/appellant-submission/site-location validator should return the expected validation outcome - valid - town / city is missing" name="validators/appellant-submission/site-location validator should return the expected validation outcome - valid - town / city is missing" time="0.003">
    </testcase>
    <testcase classname="validators/appellant-submission/site-location validator should return the expected validation outcome - valid - county is missing" name="validators/appellant-submission/site-location validator should return the expected validation outcome - valid - county is missing" time="0.009">
    </testcase>
    <testcase classname="validators/appellant-submission/site-location validator should return the expected validation outcome - invalid - site-address-line-one is missing" name="validators/appellant-submission/site-location validator should return the expected validation outcome - invalid - site-address-line-one is missing" time="0.003">
    </testcase>
    <testcase classname="validators/appellant-submission/site-location validator should return the expected validation outcome - invalid - site-postcode is missing" name="validators/appellant-submission/site-location validator should return the expected validation outcome - invalid - site-postcode is missing" time="0">
    </testcase>
    <testcase classname="validators/appellant-submission/site-location validator should return the expected validation outcome - invalid - site-address-line-one (required) and site-county (optional) are missing" name="validators/appellant-submission/site-location validator should return the expected validation outcome - invalid - site-address-line-one (required) and site-county (optional) are missing" time="0.001">
    </testcase>
    <testcase classname="validators/appellant-submission/site-location validator should return the expected validation outcome - invalid - site-address-line-one and site-postcode are missing" name="validators/appellant-submission/site-location validator should return the expected validation outcome - invalid - site-address-line-one and site-postcode are missing" time="0.001">
    </testcase>
    <testcase classname="validators/appellant-submission/site-location validator should return the expected validation outcome - invalid - site-county (optional) and site-postcode (required) are missing" name="validators/appellant-submission/site-location validator should return the expected validation outcome - invalid - site-county (optional) and site-postcode (required) are missing" time="0">
    </testcase>
    <testcase classname="validators/appellant-submission/site-location validator should return the expected validation outcome - invalid - all fields are missing" name="validators/appellant-submission/site-location validator should return the expected validation outcome - invalid - all fields are missing" time="0.001">
    </testcase>
    <testcase classname="validators/appellant-submission/site-location validator should return the expected validation outcome - invalid - site-address-line-one is too long" name="validators/appellant-submission/site-location validator should return the expected validation outcome - invalid - site-address-line-one is too long" time="0.001">
    </testcase>
    <testcase classname="validators/appellant-submission/site-location validator should return the expected validation outcome - invalid - site-address-line-two is too long" name="validators/appellant-submission/site-location validator should return the expected validation outcome - invalid - site-address-line-two is too long" time="0">
    </testcase>
    <testcase classname="validators/appellant-submission/site-location validator should return the expected validation outcome - invalid - site-town-city is too long" name="validators/appellant-submission/site-location validator should return the expected validation outcome - invalid - site-town-city is too long" time="0.001">
    </testcase>
    <testcase classname="validators/appellant-submission/site-location validator should return the expected validation outcome - invalid - site-county is too long" name="validators/appellant-submission/site-location validator should return the expected validation outcome - invalid - site-county is too long" time="0">
    </testcase>
    <testcase classname="validators/appellant-submission/site-location validator should return the expected validation outcome - invalid - site-postcode is too long" name="validators/appellant-submission/site-location validator should return the expected validation outcome - invalid - site-postcode is too long" time="0.001">
    </testcase>
    <testcase classname="validators/appellant-submission/site-location validator should return the expected validation outcome - invalid - site-postcode should begin with a letter" name="validators/appellant-submission/site-location validator should return the expected validation outcome - invalid - site-postcode should begin with a letter" time="0.001">
    </testcase>
    <testcase classname="validators/appellant-submission/site-location validator should return the expected validation outcome - invalid - site-postcode can&apos;t be only letters" name="validators/appellant-submission/site-location validator should return the expected validation outcome - invalid - site-postcode can&apos;t be only letters" time="0">
    </testcase>
  </testsuite>
  <testsuite name="routes/eligibility/index" errors="0" failures="0" skipped="0" timestamp="2021-09-07T02:23:27" time="0.645" tests="1">
    <testcase classname="routes/eligibility/index should define the expected routes" name="routes/eligibility/index should define the expected routes" time="0.528">
    </testcase>
  </testsuite>
  <testsuite name="routes/eligibility/decision-date" errors="0" failures="0" skipped="0" timestamp="2021-09-07T02:23:27" time="0.749" tests="1">
    <testcase classname="routes/eligibility/decision-date should define the expected routes" name="routes/eligibility/decision-date should define the expected routes" time="0.003">
    </testcase>
  </testsuite>
  <testsuite name="routes/index" errors="0" failures="0" skipped="0" timestamp="2021-09-07T02:23:26" time="1.405" tests="1">
    <testcase classname="routes/index should define the expected routes" name="routes/index should define the expected routes" time="0.011">
    </testcase>
  </testsuite>
  <testsuite name="lib/get-previous-page-path" errors="0" failures="0" skipped="0" timestamp="2021-09-07T02:23:28" time="0.159" tests="6">
    <testcase classname="lib/get-previous-page-path unhappy path - should return root url - referer undefined" name="lib/get-previous-page-path unhappy path - should return root url - referer undefined" time="0.003">
    </testcase>
    <testcase classname="lib/get-previous-page-path unhappy path - should return root url - baseUrl undefined" name="lib/get-previous-page-path unhappy path - should return root url - baseUrl undefined" time="0">
    </testcase>
    <testcase classname="lib/get-previous-page-path unhappy path - should return root url - empty referer" name="lib/get-previous-page-path unhappy path - should return root url - empty referer" time="0">
    </testcase>
    <testcase classname="lib/get-previous-page-path unhappy path - should return root url - referer and base urls do not match" name="lib/get-previous-page-path unhappy path - should return root url - referer and base urls do not match" time="0">
    </testcase>
    <testcase classname="lib/get-previous-page-path happy path - should return the expected path - /some" name="lib/get-previous-page-path happy path - should return the expected path - /some" time="0">
    </testcase>
    <testcase classname="lib/get-previous-page-path happy path - should return the expected path - /some/nested/path?and=stuff" name="lib/get-previous-page-path happy path - should return the expected path - /some/nested/path?and=stuff" time="0.001">
    </testcase>
  </testsuite>
  <testsuite name="views/your-planning-appeal/index" errors="0" failures="0" skipped="0" timestamp="2021-09-07T02:23:27" time="1.05" tests="2">
    <testcase classname="views/your-planning-appeal/index when an appeal is entered by appellant should render the page as expected with appellant details" name="views/your-planning-appeal/index when an appeal is entered by appellant should render the page as expected with appellant details" time="0.189">
    </testcase>
    <testcase classname="views/your-planning-appeal/index when an appeal is entered by agent should render the page as expected with appellant details" name="views/your-planning-appeal/index when an appeal is entered by agent should render the page as expected with appellant details" time="0.097">
    </testcase>
  </testsuite>
  <testsuite name="controllers/appellant-submission/site-ownership" errors="0" failures="0" skipped="0" timestamp="2021-09-07T02:23:28" time="0.204" tests="11">
    <testcase classname="controllers/appellant-submission/site-ownership getSiteOwnership should call the correct template" name="controllers/appellant-submission/site-ownership getSiteOwnership should call the correct template" time="0.001">
    </testcase>
    <testcase classname="controllers/appellant-submission/site-ownership postSiteOwnership should re-render the template with errors if there is any validation error" name="controllers/appellant-submission/site-ownership postSiteOwnership should re-render the template with errors if there is any validation error" time="0">
    </testcase>
    <testcase classname="controllers/appellant-submission/site-ownership postSiteOwnership should re-render the template with errors if there is any api call error" name="controllers/appellant-submission/site-ownership postSiteOwnership should re-render the template with errors if there is any api call error" time="0.001">
    </testcase>
    <testcase classname="controllers/appellant-submission/site-ownership postSiteOwnership should redirect to the next valid url if ownsWholeSite" name="controllers/appellant-submission/site-ownership postSiteOwnership should redirect to the next valid url if ownsWholeSite" time="0">
    </testcase>
    <testcase classname="controllers/appellant-submission/site-ownership postSiteOwnership should redirect to /appellant-submission/site-ownership-certb if does not ownsWholeSite" name="controllers/appellant-submission/site-ownership postSiteOwnership should redirect to /appellant-submission/site-ownership-certb if does not ownsWholeSite" time="0.001">
    </testcase>
    <testcase classname="controllers/appellant-submission/site-ownership should null the contents of haveOtherOwnersBeenTold if site-ownership is set to yes" name="controllers/appellant-submission/site-ownership should null the contents of haveOtherOwnersBeenTold if site-ownership is set to yes" time="0">
    </testcase>
    <testcase classname="controllers/appellant-submission/site-ownership should null the contents of haveOtherOwnersBeenTold if site-ownership is set to yes" name="controllers/appellant-submission/site-ownership should null the contents of haveOtherOwnersBeenTold if site-ownership is set to yes" time="0.001">
    </testcase>
    <testcase classname="controllers/appellant-submission/site-ownership should null the contents of haveOtherOwnersBeenTold if site-ownership is set to yes" name="controllers/appellant-submission/site-ownership should null the contents of haveOtherOwnersBeenTold if site-ownership is set to yes" time="0">
    </testcase>
    <testcase classname="controllers/appellant-submission/site-ownership should retain the contents of haveOtherOwnersBeenTold if site-ownership is set to no" name="controllers/appellant-submission/site-ownership should retain the contents of haveOtherOwnersBeenTold if site-ownership is set to no" time="0">
    </testcase>
    <testcase classname="controllers/appellant-submission/site-ownership should retain the contents of haveOtherOwnersBeenTold if site-ownership is set to no" name="controllers/appellant-submission/site-ownership should retain the contents of haveOtherOwnersBeenTold if site-ownership is set to no" time="0.001">
    </testcase>
    <testcase classname="controllers/appellant-submission/site-ownership should retain the contents of haveOtherOwnersBeenTold if site-ownership is set to no" name="controllers/appellant-submission/site-ownership should retain the contents of haveOtherOwnersBeenTold if site-ownership is set to no" time="0">
    </testcase>
  </testsuite>
  <testsuite name="views/macros/cookie-banner" errors="0" failures="0" skipped="0" timestamp="2021-09-07T02:23:28" time="0.297" tests="4">
    <testcase classname="views/macros/cookie-banner should have sensible default attributes" name="views/macros/cookie-banner should have sensible default attributes" time="0.041">
    </testcase>
    <testcase classname="views/macros/cookie-banner should allow setting a custom serviceName" name="views/macros/cookie-banner should allow setting a custom serviceName" time="0.037">
    </testcase>
    <testcase classname="views/macros/cookie-banner should allow setting a custom cookiePagePath" name="views/macros/cookie-banner should allow setting a custom cookiePagePath" time="0.01">
    </testcase>
    <testcase classname="views/macros/cookie-banner should allow setting all custom attributes" name="views/macros/cookie-banner should allow setting all custom attributes" time="0.032">
    </testcase>
  </testsuite>
  <testsuite name="routes/appellant-submission/confirmation" errors="0" failures="0" skipped="0" timestamp="2021-09-07T02:23:28" time="0.126" tests="1">
    <testcase classname="routes/appellant-submission/confirmation should define the expected routes" name="routes/appellant-submission/confirmation should define the expected routes" time="0">
    </testcase>
  </testsuite>
  <testsuite name="views/macros/cookie-banner-rejected" errors="0" failures="0" skipped="0" timestamp="2021-09-07T02:23:28" time="0.231" tests="4">
    <testcase classname="views/macros/cookie-banner-rejected should have sensible default attributes" name="views/macros/cookie-banner-rejected should have sensible default attributes" time="0.033">
    </testcase>
    <testcase classname="views/macros/cookie-banner-rejected should allow setting a custom serviceName" name="views/macros/cookie-banner-rejected should allow setting a custom serviceName" time="0.014">
    </testcase>
    <testcase classname="views/macros/cookie-banner-rejected should allow setting a custom cookiePagePath" name="views/macros/cookie-banner-rejected should allow setting a custom cookiePagePath" time="0.015">
    </testcase>
    <testcase classname="views/macros/cookie-banner-rejected should allow setting all custom attributes" name="views/macros/cookie-banner-rejected should allow setting all custom attributes" time="0.01">
    </testcase>
  </testsuite>
  <testsuite name="views/macros/cookie-banner-accepted" errors="0" failures="0" skipped="0" timestamp="2021-09-07T02:23:28" time="0.269" tests="4">
    <testcase classname="views/macros/cookie-banner-accepted should have sensible default attributes" name="views/macros/cookie-banner-accepted should have sensible default attributes" time="0.023">
    </testcase>
    <testcase classname="views/macros/cookie-banner-accepted should allow setting a custom serviceName" name="views/macros/cookie-banner-accepted should allow setting a custom serviceName" time="0.033">
    </testcase>
    <testcase classname="views/macros/cookie-banner-accepted should allow setting a custom cookiePagePath" name="views/macros/cookie-banner-accepted should allow setting a custom cookiePagePath" time="0.036">
    </testcase>
    <testcase classname="views/macros/cookie-banner-accepted should allow setting all custom attributes" name="views/macros/cookie-banner-accepted should allow setting all custom attributes" time="0.007">
    </testcase>
  </testsuite>
  <testsuite name="controllers/eligibility/householder-planning-permission" errors="0" failures="0" skipped="0" timestamp="2021-09-07T02:23:28" time="0.207" tests="6">
    <testcase classname="controllers/eligibility/householder-planning-permission getServiceOnlyForHouseholderPlanningPermission calls the correct template" name="controllers/eligibility/householder-planning-permission getServiceOnlyForHouseholderPlanningPermission calls the correct template" time="0.001">
    </testcase>
    <testcase classname="controllers/eligibility/householder-planning-permission getHouseholderPlanningPermission should call the correct template" name="controllers/eligibility/householder-planning-permission getHouseholderPlanningPermission should call the correct template" time="0">
    </testcase>
    <testcase classname="controllers/eligibility/householder-planning-permission postHouseholderPlanningPermission should re-render the template with errors if there is any validation error" name="controllers/eligibility/householder-planning-permission postHouseholderPlanningPermission should re-render the template with errors if there is any validation error" time="0.001">
    </testcase>
    <testcase classname="controllers/eligibility/householder-planning-permission postHouseholderPlanningPermission should re-render the template with errors if there is any api call error" name="controllers/eligibility/householder-planning-permission postHouseholderPlanningPermission should re-render the template with errors if there is any api call error" time="0">
    </testcase>
    <testcase classname="controllers/eligibility/householder-planning-permission postHouseholderPlanningPermission &apos;should redirect to &apos;/eligibility/decision-date&apos; if &apos;householder-planning-permission&apos; is &apos;yes&apos;" name="controllers/eligibility/householder-planning-permission postHouseholderPlanningPermission &apos;should redirect to &apos;/eligibility/decision-date&apos; if &apos;householder-planning-permission&apos; is &apos;yes&apos;" time="0">
    </testcase>
    <testcase classname="controllers/eligibility/householder-planning-permission postHouseholderPlanningPermission &apos;should redirect to &apos;/eligibility/householder-planning-permission-out&apos; if &apos;householder-planning-permission&apos; is &apos;no&apos;" name="controllers/eligibility/householder-planning-permission postHouseholderPlanningPermission &apos;should redirect to &apos;/eligibility/householder-planning-permission-out&apos; if &apos;householder-planning-permission&apos; is &apos;no&apos;" time="0">
    </testcase>
  </testsuite>
  <testsuite name="lib/client-side/cookie/cookie-consent" errors="0" failures="0" skipped="0" timestamp="2021-09-07T02:23:28" time="0.26" tests="10">
    <testcase classname="lib/client-side/cookie/cookie-consent setCookies" name="lib/client-side/cookie/cookie-consent setCookies" time="0.008">
    </testcase>
    <testcase classname="lib/client-side/cookie/cookie-consent hideConsentBanner" name="lib/client-side/cookie/cookie-consent hideConsentBanner" time="0.005">
    </testcase>
    <testcase classname="lib/client-side/cookie/cookie-consent getConsentButtons" name="lib/client-side/cookie/cookie-consent getConsentButtons" time="0.018">
    </testcase>
    <testcase classname="lib/client-side/cookie/cookie-consent displayConsentButtons" name="lib/client-side/cookie/cookie-consent displayConsentButtons" time="0.002">
    </testcase>
    <testcase classname="lib/client-side/cookie/cookie-consent addAcceptCookieConsentListener" name="lib/client-side/cookie/cookie-consent addAcceptCookieConsentListener" time="0.004">
    </testcase>
    <testcase classname="lib/client-side/cookie/cookie-consent addRejectCookieConsentListener" name="lib/client-side/cookie/cookie-consent addRejectCookieConsentListener" time="0.003">
    </testcase>
    <testcase classname="lib/client-side/cookie/cookie-consent cookieConsentHandler return early if required element is undefined" name="lib/client-side/cookie/cookie-consent cookieConsentHandler return early if required element is undefined" time="0.001">
    </testcase>
    <testcase classname="lib/client-side/cookie/cookie-consent cookieConsentHandler return early if required element is undefined" name="lib/client-side/cookie/cookie-consent cookieConsentHandler return early if required element is undefined" time="0.001">
    </testcase>
    <testcase classname="lib/client-side/cookie/cookie-consent cookieConsentHandler cookie policy has already been set" name="lib/client-side/cookie/cookie-consent cookieConsentHandler cookie policy has already been set" time="0.001">
    </testcase>
    <testcase classname="lib/client-side/cookie/cookie-consent cookieConsentHandler cookie policy has not yet been set" name="lib/client-side/cookie/cookie-consent cookieConsentHandler cookie policy has not yet been set" time="0.003">
    </testcase>
  </testsuite>
  <testsuite name="services/task-status/status-site-ownership" errors="0" failures="0" skipped="0" timestamp="2021-09-07T02:23:28" time="0.103" tests="5">
    <testcase classname="services/task-status/status-site-ownership should return the expected status" name="services/task-status/status-site-ownership should return the expected status" time="0">
    </testcase>
    <testcase classname="services/task-status/status-site-ownership should return the expected status" name="services/task-status/status-site-ownership should return the expected status" time="0.001">
    </testcase>
    <testcase classname="services/task-status/status-site-ownership should return the expected status" name="services/task-status/status-site-ownership should return the expected status" time="0">
    </testcase>
    <testcase classname="services/task-status/status-site-ownership should return the expected status" name="services/task-status/status-site-ownership should return the expected status" time="0">
    </testcase>
    <testcase classname="services/task-status/status-site-ownership should return the expected status" name="services/task-status/status-site-ownership should return the expected status" time="0">
    </testcase>
  </testsuite>
  <testsuite name="views/macros/bool-to-sentence-case" errors="0" failures="0" skipped="0" timestamp="2021-09-07T02:23:28" time="0.164" tests="3">
    <testcase classname="views/macros/bool-to-sentence-case should handle null input" name="views/macros/bool-to-sentence-case should handle null input" time="0.011">
    </testcase>
    <testcase classname="views/macros/bool-to-sentence-case should display &apos;Yes&apos; whene value is true" name="views/macros/bool-to-sentence-case should display &apos;Yes&apos; whene value is true" time="0.002">
    </testcase>
    <testcase classname="views/macros/bool-to-sentence-case should display &apos;No&apos; whene value is false" name="views/macros/bool-to-sentence-case should display &apos;No&apos; whene value is false" time="0.002">
    </testcase>
  </testsuite>
  <testsuite name="routes/eligibility/listed-building" errors="0" failures="0" skipped="0" timestamp="2021-09-07T02:23:28" time="0.18" tests="1">
    <testcase classname="routes/eligibility/listed-building should define the expected routes" name="routes/eligibility/listed-building should define the expected routes" time="0.001">
    </testcase>
  </testsuite>
  <testsuite name="validators/your-details" errors="0" failures="0" skipped="0" timestamp="2021-09-07T02:23:28" time="0.337" tests="10">
    <testcase classname="validators/your-details rules has a rule for the appellant&apos;s name" name="validators/your-details rules has a rule for the appellant&apos;s name" time="0.004">
    </testcase>
    <testcase classname="validators/your-details rules has a rule for the appellant&apos;s email" name="validators/your-details rules has a rule for the appellant&apos;s email" time="0.002">
    </testcase>
    <testcase classname="validators/your-details rules should have an array of rules" name="validators/your-details rules should have an array of rules" time="0.003">
    </testcase>
    <testcase classname="validators/your-details validator should return the expected validation outcome - undefined - empty" name="validators/your-details validator should return the expected validation outcome - undefined - empty" time="0.003">
    </testcase>
    <testcase classname="validators/your-details validator should return the expected validation outcome - invalid values 1 - fail" name="validators/your-details validator should return the expected validation outcome - invalid values 1 - fail" time="0.003">
    </testcase>
    <testcase classname="validators/your-details validator should return the expected validation outcome - invalid values 2 - fail - name too short and invalid email" name="validators/your-details validator should return the expected validation outcome - invalid values 2 - fail - name too short and invalid email" time="0.003">
    </testcase>
    <testcase classname="validators/your-details validator should return the expected validation outcome - invalid values 2 - fail - name too long and invalid email" name="validators/your-details validator should return the expected validation outcome - invalid values 2 - fail - name too long and invalid email" time="0">
    </testcase>
    <testcase classname="validators/your-details validator should return the expected validation outcome - invalid email - fail 1" name="validators/your-details validator should return the expected validation outcome - invalid email - fail 1" time="0.002">
    </testcase>
    <testcase classname="validators/your-details validator should return the expected validation outcome - invalid email - fail 2" name="validators/your-details validator should return the expected validation outcome - invalid email - fail 2" time="0.001">
    </testcase>
    <testcase classname="validators/your-details validator should return the expected validation outcome - valid values - pass" name="validators/your-details validator should return the expected validation outcome - valid values - pass" time="0.001">
    </testcase>
  </testsuite>
  <testsuite name="validators/appellant-submission/upload-decision" errors="0" failures="0" skipped="0" timestamp="2021-09-07T02:23:28" time="0.173" tests="10">
    <testcase classname="validators/appellant-submission/upload-decision rules has a rule for `decision-upload`" name="validators/appellant-submission/upload-decision rules has a rule for `decision-upload`" time="0.002">
    </testcase>
    <testcase classname="validators/appellant-submission/upload-decision rules should have the expected number of configured rules" name="validators/appellant-submission/upload-decision rules should have the expected number of configured rules" time="0.001">
    </testcase>
    <testcase classname="validators/appellant-submission/upload-decision validator should return the expected validation outcome - already submitted / undefined / empty - pass " name="validators/appellant-submission/upload-decision validator should return the expected validation outcome - already submitted / undefined / empty - pass " time="0.004">
    </testcase>
    <testcase classname="validators/appellant-submission/upload-decision validator should return the expected validation outcome - already submitted / files key is empty - pass" name="validators/appellant-submission/upload-decision validator should return the expected validation outcome - already submitted / files key is empty - pass" time="0">
    </testcase>
    <testcase classname="validators/appellant-submission/upload-decision validator should return the expected validation outcome - already submitted / files path is not matched - pass" name="validators/appellant-submission/upload-decision validator should return the expected validation outcome - already submitted / files path is not matched - pass" time="0.001">
    </testcase>
    <testcase classname="validators/appellant-submission/upload-decision validator should return the expected validation outcome - never submitted / undefined / empty - fail " name="validators/appellant-submission/upload-decision validator should return the expected validation outcome - never submitted / undefined / empty - fail " time="0">
    </testcase>
    <testcase classname="validators/appellant-submission/upload-decision validator should return the expected validation outcome - never submitted / files key is empty - fail" name="validators/appellant-submission/upload-decision validator should return the expected validation outcome - never submitted / files key is empty - fail" time="0.001">
    </testcase>
    <testcase classname="validators/appellant-submission/upload-decision validator should return the expected validation outcome - files path is matched but mime type is wrong - fail" name="validators/appellant-submission/upload-decision validator should return the expected validation outcome - files path is matched but mime type is wrong - fail" time="0">
    </testcase>
    <testcase classname="validators/appellant-submission/upload-decision validator should return the expected validation outcome - files path is matched but file size is too big - fail" name="validators/appellant-submission/upload-decision validator should return the expected validation outcome - files path is matched but file size is too big - fail" time="0">
    </testcase>
    <testcase classname="validators/appellant-submission/upload-decision validator should return the expected validation outcome - valid file - pass" name="validators/appellant-submission/upload-decision validator should return the expected validation outcome - valid file - pass" time="0">
    </testcase>
  </testsuite>
  <testsuite name="views/macros/multifile-upload-to-list" errors="0" failures="0" skipped="0" timestamp="2021-09-07T02:23:28" time="0.223" tests="9">
    <testcase classname="views/macros/multifile-upload-to-list No files uploaded nothing provided" name="views/macros/multifile-upload-to-list No files uploaded nothing provided" time="0.011">
    </testcase>
    <testcase classname="views/macros/multifile-upload-to-list No files uploaded when value has a length of less than one and attributes is empty" name="views/macros/multifile-upload-to-list No files uploaded when value has a length of less than one and attributes is empty" time="0.004">
    </testcase>
    <testcase classname="views/macros/multifile-upload-to-list No files uploaded when value is not provided and attributes has data-cy tag" name="views/macros/multifile-upload-to-list No files uploaded when value is not provided and attributes has data-cy tag" time="0.003">
    </testcase>
    <testcase classname="views/macros/multifile-upload-to-list single file uploaded no attributes given" name="views/macros/multifile-upload-to-list single file uploaded no attributes given" time="0.003">
    </testcase>
    <testcase classname="views/macros/multifile-upload-to-list single file uploaded attributes given, but no data-cy tag" name="views/macros/multifile-upload-to-list single file uploaded attributes given, but no data-cy tag" time="0.003">
    </testcase>
    <testcase classname="views/macros/multifile-upload-to-list single file uploaded attributes given with data-cy tag" name="views/macros/multifile-upload-to-list single file uploaded attributes given with data-cy tag" time="0.003">
    </testcase>
    <testcase classname="views/macros/multifile-upload-to-list multiple files uploaded no attributes given" name="views/macros/multifile-upload-to-list multiple files uploaded no attributes given" time="0.003">
    </testcase>
    <testcase classname="views/macros/multifile-upload-to-list multiple files uploaded attributes given, but no data-cy tag" name="views/macros/multifile-upload-to-list multiple files uploaded attributes given, but no data-cy tag" time="0.004">
    </testcase>
    <testcase classname="views/macros/multifile-upload-to-list multiple files uploaded attributes given with data-cy tag" name="views/macros/multifile-upload-to-list multiple files uploaded attributes given with data-cy tag" time="0.025">
    </testcase>
  </testsuite>
  <testsuite name="middleware/fetch-appeal-by-url-param" errors="0" failures="0" skipped="0" timestamp="2021-09-07T02:23:28" time="0.159" tests="5">
    <testcase classname="middleware/fetch-appeal-by-url-param req.params[appealKey] is undefined" name="middleware/fetch-appeal-by-url-param req.params[appealKey] is undefined" time="0.001">
    </testcase>
    <testcase classname="middleware/fetch-appeal-by-url-param req.params[appealKey] is not found in req.params" name="middleware/fetch-appeal-by-url-param req.params[appealKey] is not found in req.params" time="0">
    </testcase>
    <testcase classname="middleware/fetch-appeal-by-url-param req.params[appealKey] is found but value is undefined" name="middleware/fetch-appeal-by-url-param req.params[appealKey] is found but value is undefined" time="0.001">
    </testcase>
    <testcase classname="middleware/fetch-appeal-by-url-param req.params[appealKey] is found but getExistingAppeal fails" name="middleware/fetch-appeal-by-url-param req.params[appealKey] is found but getExistingAppeal fails" time="0">
    </testcase>
    <testcase classname="middleware/fetch-appeal-by-url-param req.params[appealKey] is found and getExistingAppeal succeeds" name="middleware/fetch-appeal-by-url-param req.params[appealKey] is found and getExistingAppeal succeeds" time="0.001">
    </testcase>
  </testsuite>
  <testsuite name="controllers/cookies" errors="0" failures="0" skipped="0" timestamp="2021-09-07T02:23:28" time="0.171" tests="8">
    <testcase classname="controllers/cookies getCookies should not throw if cannot parse req.cookies value" name="controllers/cookies getCookies should not throw if cannot parse req.cookies value" time="0.003">
    </testcase>
    <testcase classname="controllers/cookies getCookies should call the correct template" name="controllers/cookies getCookies should call the correct template" time="0.001">
    </testcase>
    <testcase classname="controllers/cookies postCookies should redirect on the happy path - no data submitted" name="controllers/cookies postCookies should redirect on the happy path - no data submitted" time="0.002">
    </testcase>
    <testcase classname="controllers/cookies postCookies calls the correct template on error" name="controllers/cookies postCookies calls the correct template on error" time="0.001">
    </testcase>
    <testcase classname="controllers/cookies postCookies should redirect on the happy path with data submitted - Not in production, disable usage cookies" name="controllers/cookies postCookies should redirect on the happy path with data submitted - Not in production, disable usage cookies" time="0.008">
    </testcase>
    <testcase classname="controllers/cookies postCookies should redirect on the happy path with data submitted - Not in production, enable usage cookies" name="controllers/cookies postCookies should redirect on the happy path with data submitted - Not in production, enable usage cookies" time="0.002">
    </testcase>
    <testcase classname="controllers/cookies postCookies should redirect on the happy path with data submitted - In production, disable usage cookies" name="controllers/cookies postCookies should redirect on the happy path with data submitted - In production, disable usage cookies" time="0.003">
    </testcase>
    <testcase classname="controllers/cookies postCookies should redirect on the happy path with data submitted - In production,  enable usage cookies" name="controllers/cookies postCookies should redirect on the happy path with data submitted - In production,  enable usage cookies" time="0">
    </testcase>
  </testsuite>
  <testsuite name="services/department.service" errors="0" failures="0" skipped="0" timestamp="2021-09-07T02:23:28" time="0.154" tests="7">
    <testcase classname="services/department.service getRefreshedDepartmentData should  give empty result " name="services/department.service getRefreshedDepartmentData should  give empty result " time="0">
    </testcase>
    <testcase classname="services/department.service getRefreshedDepartmentData should transform data" name="services/department.service getRefreshedDepartmentData should transform data" time="0.001">
    </testcase>
    <testcase classname="services/department.service getDepartmentData should  give empty result " name="services/department.service getDepartmentData should  give empty result " time="0">
    </testcase>
    <testcase classname="services/department.service getDepartmentData should transform data" name="services/department.service getDepartmentData should transform data" time="0">
    </testcase>
    <testcase classname="services/department.service getDepartmentFromId should return department by Id" name="services/department.service getDepartmentFromId should return department by Id" time="0.001">
    </testcase>
    <testcase classname="services/department.service getDepartmentFromName should return department by Name" name="services/department.service getDepartmentFromName should return department by Name" time="0">
    </testcase>
    <testcase classname="services/department.service resetDepartments should return department by Name" name="services/department.service resetDepartments should return department by Name" time="0.001">
    </testcase>
  </testsuite>
  <testsuite name="controllers/appellant-submission/site-access" errors="0" failures="0" skipped="0" timestamp="2021-09-07T02:23:28" time="0.25" tests="5">
    <testcase classname="controllers/appellant-submission/site-access getSiteAccess should call the correct template" name="controllers/appellant-submission/site-access getSiteAccess should call the correct template" time="0.001">
    </testcase>
    <testcase classname="controllers/appellant-submission/site-access postSiteAccess should re-render the template with errors if there is any validation error" name="controllers/appellant-submission/site-access postSiteAccess should re-render the template with errors if there is any validation error" time="0">
    </testcase>
    <testcase classname="controllers/appellant-submission/site-access postSiteAccess should re-render the template with errors if there is any api call error" name="controllers/appellant-submission/site-access postSiteAccess should re-render the template with errors if there is any api call error" time="0.001">
    </testcase>
    <testcase classname="controllers/appellant-submission/site-access postSiteAccess should redirect to `/appellant-submission/site-access-safety` if `site-access` is `yes`" name="controllers/appellant-submission/site-access postSiteAccess should redirect to `/appellant-submission/site-access-safety` if `site-access` is `yes`" time="0">
    </testcase>
    <testcase classname="controllers/appellant-submission/site-access postSiteAccess should redirect to `/appellant-submission/site-access-safety` if `site-access` is `no`" name="controllers/appellant-submission/site-access postSiteAccess should redirect to `/appellant-submission/site-access-safety` if `site-access` is `no`" time="0">
    </testcase>
  </testsuite>
  <testsuite name="controllers/appellant-submission/submission" errors="0" failures="0" skipped="0" timestamp="2021-09-07T02:23:28" time="0.186" tests="6">
    <testcase classname="controllers/appellant-submission/submission getSubmission should call the correct template" name="controllers/appellant-submission/submission getSubmission should call the correct template" time="0">
    </testcase>
    <testcase classname="controllers/appellant-submission/submission postSubmission should re-render the template with errors if submission validation fails" name="controllers/appellant-submission/submission postSubmission should re-render the template with errors if submission validation fails" time="0.001">
    </testcase>
    <testcase classname="controllers/appellant-submission/submission postSubmission should re-render the template with errors if there is any appeals api call error" name="controllers/appellant-submission/submission postSubmission should re-render the template with errors if there is any appeals api call error" time="0.001">
    </testcase>
    <testcase classname="controllers/appellant-submission/submission postSubmission should re-render the template with errors if there is any pdf api call error" name="controllers/appellant-submission/submission postSubmission should re-render the template with errors if there is any pdf api call error" time="0.001">
    </testcase>
    <testcase classname="controllers/appellant-submission/submission postSubmission should redirect back to /submission if validation passes but `i-agree` not given" name="controllers/appellant-submission/submission postSubmission should redirect back to /submission if validation passes but `i-agree` not given" time="0">
    </testcase>
    <testcase classname="controllers/appellant-submission/submission postSubmission should redirect if valid" name="controllers/appellant-submission/submission postSubmission should redirect if valid" time="0">
    </testcase>
  </testsuite>
  <testsuite name="string-functions" errors="0" failures="0" skipped="0" timestamp="2021-09-07T02:23:28" time="0.1" tests="2">
    <testcase classname="string-functions capitalize returns a capitalised string" name="string-functions capitalize returns a capitalised string" time="0">
    </testcase>
    <testcase classname="string-functions capitalize returns an empty string if something other than a string is passed" name="string-functions capitalize returns an empty string if something other than a string is passed" time="0">
    </testcase>
  </testsuite>
  <testsuite name="routes/eligibility/planning-department" errors="0" failures="0" skipped="0" timestamp="2021-09-07T02:23:28" time="0.245" tests="1">
    <testcase classname="routes/eligibility/planning-department should define the expected routes" name="routes/eligibility/planning-department should define the expected routes" time="0.008">
    </testcase>
  </testsuite>
  <testsuite name="validators/appellant-submission/appeal-statement" errors="0" failures="0" skipped="0" timestamp="2021-09-07T02:23:28" time="0.17" tests="12">
    <testcase classname="validators/appellant-submission/appeal-statement rules has a rule for `does-not-include-sensitive-information`" name="validators/appellant-submission/appeal-statement rules has a rule for `does-not-include-sensitive-information`" time="0.005">
    </testcase>
    <testcase classname="validators/appellant-submission/appeal-statement rules has a rule for `appeal-upload`" name="validators/appellant-submission/appeal-statement rules has a rule for `appeal-upload`" time="0.001">
    </testcase>
    <testcase classname="validators/appellant-submission/appeal-statement rules should have the expected number of configured rules" name="validators/appellant-submission/appeal-statement rules should have the expected number of configured rules" time="0.002">
    </testcase>
    <testcase classname="validators/appellant-submission/appeal-statement validator should return the expected validation outcome - undefined - empty" name="validators/appellant-submission/appeal-statement validator should return the expected validation outcome - undefined - empty" time="0.003">
    </testcase>
    <testcase classname="validators/appellant-submission/appeal-statement validator should return the expected validation outcome - invalid value for `does-not-include-sensitive-information` - fail" name="validators/appellant-submission/appeal-statement validator should return the expected validation outcome - invalid value for `does-not-include-sensitive-information` - fail" time="0.002">
    </testcase>
    <testcase classname="validators/appellant-submission/appeal-statement validator should return the expected validation outcome - valid value for `does-not-include-sensitive-information` - &quot;i-confirm&quot; - pass" name="validators/appellant-submission/appeal-statement validator should return the expected validation outcome - valid value for `does-not-include-sensitive-information` - &quot;i-confirm&quot; - pass" time="0.001">
    </testcase>
    <testcase classname="validators/appellant-submission/appeal-statement validator should return the expected validation outcome - valid value for `does-not-include-sensitive-information`, files key is empty - pass" name="validators/appellant-submission/appeal-statement validator should return the expected validation outcome - valid value for `does-not-include-sensitive-information`, files key is empty - pass" time="0">
    </testcase>
    <testcase classname="validators/appellant-submission/appeal-statement validator should return the expected validation outcome - valid value for `does-not-include-sensitive-information`, files path is not matched - pass" name="validators/appellant-submission/appeal-statement validator should return the expected validation outcome - valid value for `does-not-include-sensitive-information`, files path is not matched - pass" time="0">
    </testcase>
    <testcase classname="validators/appellant-submission/appeal-statement validator should return the expected validation outcome - valid value for `does-not-include-sensitive-information`, files path is matched but mime type is wrong - fail" name="validators/appellant-submission/appeal-statement validator should return the expected validation outcome - valid value for `does-not-include-sensitive-information`, files path is matched but mime type is wrong - fail" time="0.001">
    </testcase>
    <testcase classname="validators/appellant-submission/appeal-statement validator should return the expected validation outcome - valid value for `does-not-include-sensitive-information`, files path is matched but file size is too big - fail" name="validators/appellant-submission/appeal-statement validator should return the expected validation outcome - valid value for `does-not-include-sensitive-information`, files path is matched but file size is too big - fail" time="0">
    </testcase>
    <testcase classname="validators/appellant-submission/appeal-statement validator should return the expected validation outcome - valid value for `does-not-include-sensitive-information`, no file, never submitted - fail" name="validators/appellant-submission/appeal-statement validator should return the expected validation outcome - valid value for `does-not-include-sensitive-information`, no file, never submitted - fail" time="0.001">
    </testcase>
    <testcase classname="validators/appellant-submission/appeal-statement validator should return the expected validation outcome - valid value for `does-not-include-sensitive-information`, valid file - pass" name="validators/appellant-submission/appeal-statement validator should return the expected validation outcome - valid value for `does-not-include-sensitive-information`, valid file - pass" time="0">
    </testcase>
  </testsuite>
  <testsuite name="middleware/navigation-history" errors="0" failures="0" skipped="0" timestamp="2021-09-07T02:23:28" time="0.132" tests="11">
    <testcase classname="middleware/navigation-history no session, return early" name="middleware/navigation-history no session, return early" time="0.001">
    </testcase>
    <testcase classname="middleware/navigation-history req.session.navigationHistory is not an array" name="middleware/navigation-history req.session.navigationHistory is not an array" time="0">
    </testcase>
    <testcase classname="middleware/navigation-history req.session.navigationHistory fall back :: initial visit, requested path matches default fallbackPath" name="middleware/navigation-history req.session.navigationHistory fall back :: initial visit, requested path matches default fallbackPath" time="0.001">
    </testcase>
    <testcase classname="middleware/navigation-history req.session.navigationHistory fall back :: initial visit, requested path does not match fallbackPath" name="middleware/navigation-history req.session.navigationHistory fall back :: initial visit, requested path does not match fallbackPath" time="0">
    </testcase>
    <testcase classname="middleware/navigation-history req.session.navigationHistory is a valid array :: initial visit, requested path matches default fallbackPath" name="middleware/navigation-history req.session.navigationHistory is a valid array :: initial visit, requested path matches default fallbackPath" time="0">
    </testcase>
    <testcase classname="middleware/navigation-history req.session.navigationHistory is a valid array :: initial visit, requested path does not match fallbackPath" name="middleware/navigation-history req.session.navigationHistory is a valid array :: initial visit, requested path does not match fallbackPath" time="0">
    </testcase>
    <testcase classname="middleware/navigation-history req.session.navigationHistory is a valid array :: subsequent visit, one item in the navigationHistory stack ::: requested path matches last page in the navigationHistory stack" name="middleware/navigation-history req.session.navigationHistory is a valid array :: subsequent visit, one item in the navigationHistory stack ::: requested path matches last page in the navigationHistory stack" time="0.001">
    </testcase>
    <testcase classname="middleware/navigation-history req.session.navigationHistory is a valid array :: subsequent visit, two items in the navigationHistory stack ::: requested path matches last page in the navigationHistory stack" name="middleware/navigation-history req.session.navigationHistory is a valid array :: subsequent visit, two items in the navigationHistory stack ::: requested path matches last page in the navigationHistory stack" time="0">
    </testcase>
    <testcase classname="middleware/navigation-history req.session.navigationHistory is a valid array :: subsequent visit, two items in the navigationHistory stack ::: requested path matches req.session.navigationHistory[1] in the navigationHistory stack" name="middleware/navigation-history req.session.navigationHistory is a valid array :: subsequent visit, two items in the navigationHistory stack ::: requested path matches req.session.navigationHistory[1] in the navigationHistory stack" time="0">
    </testcase>
    <testcase classname="middleware/navigation-history custom config :: override fallbackPath" name="middleware/navigation-history custom config :: override fallbackPath" time="0.001">
    </testcase>
    <testcase classname="middleware/navigation-history custom config :: override stackSize" name="middleware/navigation-history custom config :: override stackSize" time="0">
    </testcase>
  </testsuite>
  <testsuite name="controllers/appellant-submission/upload-application" errors="0" failures="0" skipped="0" timestamp="2021-09-07T02:23:28" time="0.16" tests="5">
    <testcase classname="controllers/appellant-submission/upload-application getUploadApplication should call the correct template" name="controllers/appellant-submission/upload-application getUploadApplication should call the correct template" time="0">
    </testcase>
    <testcase classname="controllers/appellant-submission/upload-application postUploadApplication should re-render the template with errors if submission validation fails" name="controllers/appellant-submission/upload-application postUploadApplication should re-render the template with errors if submission validation fails" time="0.001">
    </testcase>
    <testcase classname="controllers/appellant-submission/upload-application postUploadApplication should log an error if the api call fails, and remain on the same page" name="controllers/appellant-submission/upload-application postUploadApplication should log an error if the api call fails, and remain on the same page" time="0">
    </testcase>
    <testcase classname="controllers/appellant-submission/upload-application postUploadApplication should not require req.files to be valid" name="controllers/appellant-submission/upload-application postUploadApplication should not require req.files to be valid" time="0.001">
    </testcase>
    <testcase classname="controllers/appellant-submission/upload-application postUploadApplication should redirect to `/appellant-submission/supporting-documents` if valid" name="controllers/appellant-submission/upload-application postUploadApplication should redirect to `/appellant-submission/supporting-documents` if valid" time="0">
    </testcase>
  </testsuite>
  <testsuite name="routes/appellant-submission/upload-application" errors="0" failures="0" skipped="0" timestamp="2021-09-07T02:23:28" time="0.197" tests="1">
    <testcase classname="routes/appellant-submission/upload-application should define the expected routes" name="routes/appellant-submission/upload-application should define the expected routes" time="0.002">
    </testcase>
  </testsuite>
  <testsuite name="validators/appellant-submission/site-access" errors="0" failures="0" skipped="0" timestamp="2021-09-07T02:23:29" time="0.143" tests="11">
    <testcase classname="validators/appellant-submission/site-access rules is configured with the expected rules" name="validators/appellant-submission/site-access rules is configured with the expected rules" time="0.001">
    </testcase>
    <testcase classname="validators/appellant-submission/site-access rules ruleSiteAccess is configured with the expected rules" name="validators/appellant-submission/site-access rules ruleSiteAccess is configured with the expected rules" time="0.003">
    </testcase>
    <testcase classname="validators/appellant-submission/site-access rules ruleSiteAccessMoreDetail is configured with the expected rules" name="validators/appellant-submission/site-access rules ruleSiteAccessMoreDetail is configured with the expected rules" time="0.004">
    </testcase>
    <testcase classname="validators/appellant-submission/site-access validator should return the expected validation outcome - No selection made as to the visibility of the site" name="validators/appellant-submission/site-access validator should return the expected validation outcome - No selection made as to the visibility of the site" time="0.004">
    </testcase>
    <testcase classname="validators/appellant-submission/site-access validator should return the expected validation outcome - Site can be viewed from public highway" name="validators/appellant-submission/site-access validator should return the expected validation outcome - Site can be viewed from public highway" time="0">
    </testcase>
    <testcase classname="validators/appellant-submission/site-access validator should return the expected validation outcome - Site cannot be viewed from public highway, no information provided as to how - `site-access-more-detail` field missing - invalid" name="validators/appellant-submission/site-access validator should return the expected validation outcome - Site cannot be viewed from public highway, no information provided as to how - `site-access-more-detail` field missing - invalid" time="0.001">
    </testcase>
    <testcase classname="validators/appellant-submission/site-access validator should return the expected validation outcome - Site cannot be viewed from public highway, information provided as to how - valid" name="validators/appellant-submission/site-access validator should return the expected validation outcome - Site cannot be viewed from public highway, information provided as to how - valid" time="0">
    </testcase>
    <testcase classname="validators/appellant-submission/site-access validator should return the expected validation outcome - Site cannot be viewed from public highway, no information provided as to how - `site-access-more-detail` is empty - invalid" name="validators/appellant-submission/site-access validator should return the expected validation outcome - Site cannot be viewed from public highway, no information provided as to how - `site-access-more-detail` is empty - invalid" time="0.001">
    </testcase>
    <testcase classname="validators/appellant-submission/site-access validator should return the expected validation outcome - Site cannot be viewed from public highway, information provided is max length - valid" name="validators/appellant-submission/site-access validator should return the expected validation outcome - Site cannot be viewed from public highway, information provided is max length - valid" time="0">
    </testcase>
    <testcase classname="validators/appellant-submission/site-access validator should return the expected validation outcome - Site cannot be viewed from public highway, information provided exceeds max length - invalid" name="validators/appellant-submission/site-access validator should return the expected validation outcome - Site cannot be viewed from public highway, information provided exceeds max length - invalid" time="0.001">
    </testcase>
    <testcase classname="validators/appellant-submission/site-access validSiteAccessOptions should define the expected valid site access options" name="validators/appellant-submission/site-access validSiteAccessOptions should define the expected valid site access options" time="0">
    </testcase>
  </testsuite>
  <testsuite name="lib/client-side/cookie/cookie-jar" errors="0" failures="0" skipped="0" timestamp="2021-09-07T02:23:29" time="0.163" tests="10">
    <testcase classname="lib/client-side/cookie/cookie-jar createCookie without days - gets default expiry" name="lib/client-side/cookie/cookie-jar createCookie without days - gets default expiry" time="0.002">
    </testcase>
    <testcase classname="lib/client-side/cookie/cookie-jar createCookie with positive days" name="lib/client-side/cookie/cookie-jar createCookie with positive days" time="0">
    </testcase>
    <testcase classname="lib/client-side/cookie/cookie-jar createCookie with 0 days" name="lib/client-side/cookie/cookie-jar createCookie with 0 days" time="0.004">
    </testcase>
    <testcase classname="lib/client-side/cookie/cookie-jar createCookie with negative days" name="lib/client-side/cookie/cookie-jar createCookie with negative days" time="0.001">
    </testcase>
    <testcase classname="lib/client-side/cookie/cookie-jar createCookie bad days - we all have them" name="lib/client-side/cookie/cookie-jar createCookie bad days - we all have them" time="0">
    </testcase>
    <testcase classname="lib/client-side/cookie/cookie-jar createCookie secure cookies are implicitly set if in the production environment" name="lib/client-side/cookie/cookie-jar createCookie secure cookies are implicitly set if in the production environment" time="0.001">
    </testcase>
    <testcase classname="lib/client-side/cookie/cookie-jar readCookie when cookie does not exist" name="lib/client-side/cookie/cookie-jar readCookie when cookie does not exist" time="0">
    </testcase>
    <testcase classname="lib/client-side/cookie/cookie-jar readCookie when one cookie exists" name="lib/client-side/cookie/cookie-jar readCookie when one cookie exists" time="0.001">
    </testcase>
    <testcase classname="lib/client-side/cookie/cookie-jar readCookie when many cookies exists" name="lib/client-side/cookie/cookie-jar readCookie when many cookies exists" time="0.001">
    </testcase>
    <testcase classname="lib/client-side/cookie/cookie-jar eraseCookie" name="lib/client-side/cookie/cookie-jar eraseCookie" time="0">
    </testcase>
  </testsuite>
  <testsuite name="routes/appellant-submission/submission" errors="0" failures="0" skipped="0" timestamp="2021-09-07T02:23:29" time="0.199" tests="1">
    <testcase classname="routes/appellant-submission/submission should define the expected routes" name="routes/appellant-submission/submission should define the expected routes" time="0.003">
    </testcase>
[...]
    </testcase>
    <testcase classname="validators/appellant-submission/supporting-documents-schema schema[&apos;files.supporting-documents.*&apos;].custom.options should call the validateFileSize validator" name="validators/appellant-submission/supporting-documents-schema schema[&apos;files.supporting-documents.*&apos;].custom.options should call the validateFileSize validator" time="0">
    </testcase>
  </testsuite>
  <testsuite name="middleware/set-back-link-from-appeal" errors="0" failures="0" skipped="0" timestamp="2021-09-07T02:23:31" time="0.123" tests="3">
    <testcase classname="middleware/set-back-link-from-appeal Call next() early if req.session.navigationHistory is not set" name="middleware/set-back-link-from-appeal Call next() early if req.session.navigationHistory is not set" time="0.001">
    </testcase>
    <testcase classname="middleware/set-back-link-from-appeal Call next() early if req.session.appeal.id is not set" name="middleware/set-back-link-from-appeal Call next() early if req.session.appeal.id is not set" time="0">
    </testcase>
    <testcase classname="middleware/set-back-link-from-appeal Add back link to navigationHistory on the happy path" name="middleware/set-back-link-from-appeal Add back link to navigationHistory on the happy path" time="0.002">
    </testcase>
  </testsuite>
  <testsuite name="lib/client-side/index" errors="0" failures="0" skipped="0" timestamp="2021-09-07T02:23:31" time="0.119" tests="1">
    <testcase classname="lib/client-side/index calls the expected functions" name="lib/client-side/index calls the expected functions" time="0.002">
    </testcase>
  </testsuite>
  <testsuite name="lib/client-side/google-tag-manager" errors="0" failures="0" skipped="0" timestamp="2021-09-07T02:23:31" time="0.126" tests="2">
    <testcase classname="lib/client-side/google-tag-manager grant consent when the Google Tag Manager applyConsent is called" name="lib/client-side/google-tag-manager grant consent when the Google Tag Manager applyConsent is called" time="0.013">
    </testcase>
    <testcase classname="lib/client-side/google-tag-manager deny consent when the Google Tag Manager denyConsent is called" name="lib/client-side/google-tag-manager deny consent when the Google Tag Manager denyConsent is called" time="0.001">
    </testcase>
  </testsuite>
  <testsuite name="middleware/ensure-appeal-is-available" errors="0" failures="0" skipped="0" timestamp="2021-09-07T02:23:31" time="0.106" tests="2">
    <testcase classname="middleware/ensure-appeal-is-available Call next() if req.session.appeal.id is set" name="middleware/ensure-appeal-is-available Call next() if req.session.appeal.id is set" time="0.002">
    </testcase>
    <testcase classname="middleware/ensure-appeal-is-available Return 400 if req.session.appeal.id is not set" name="middleware/ensure-appeal-is-available Return 400 if req.session.appeal.id is not set" time="0">
    </testcase>
  </testsuite>
  <testsuite name="controllers/appellant-submission/confirmation" errors="0" failures="0" skipped="0" timestamp="2021-09-07T02:23:31" time="0.095" tests="2">
    <testcase classname="controllers/appellant-submission/confirmation getConfirmation should ensure req.session.appeal is reset" name="controllers/appellant-submission/confirmation getConfirmation should ensure req.session.appeal is reset" time="0">
    </testcase>
    <testcase classname="controllers/appellant-submission/confirmation getConfirmation should call the correct template" name="controllers/appellant-submission/confirmation getConfirmation should call the correct template" time="0.001">
    </testcase>
  </testsuite>
  <testsuite name="lib/client-side/google-analytics" errors="0" failures="0" skipped="0" timestamp="2021-09-07T02:23:31" time="0.102" tests="2">
    <testcase classname="lib/client-side/google-analytics initialiseGoogleAnalytics when the Google Tag Manager feature flag is false" name="lib/client-side/google-analytics initialiseGoogleAnalytics when the Google Tag Manager feature flag is false" time="0.022">
    </testcase>
    <testcase classname="lib/client-side/google-analytics initialiseGoogleAnalytics when the Google Tag Manager feature flag is true" name="lib/client-side/google-analytics initialiseGoogleAnalytics when the Google Tag Manager feature flag is true" time="0.008">
    </testcase>
  </testsuite>
  <testsuite name="routes/guidance-pages" errors="0" failures="0" skipped="0" timestamp="2021-09-07T02:23:31" time="0.101" tests="1">
    <testcase classname="routes/guidance-pages should define the expected routes" name="routes/guidance-pages should define the expected routes" time="0.002">
    </testcase>
  </testsuite>
  <testsuite name="lib/express-validation-errors-to-govuk-error-list" errors="0" failures="0" skipped="0" timestamp="2021-09-07T02:23:31" time="0.113" tests="3">
    <testcase classname="lib/express-validation-errors-to-govuk-error-list should map the given express validation errors to the Gov UK error list format: - no errors" name="lib/express-validation-errors-to-govuk-error-list should map the given express validation errors to the Gov UK error list format: - no errors" time="0.001">
    </testcase>
    <testcase classname="lib/express-validation-errors-to-govuk-error-list should map the given express validation errors to the Gov UK error list format: - one error" name="lib/express-validation-errors-to-govuk-error-list should map the given express validation errors to the Gov UK error list format: - one error" time="0">
    </testcase>
    <testcase classname="lib/express-validation-errors-to-govuk-error-list should map the given express validation errors to the Gov UK error list format: - multiple errors" name="lib/express-validation-errors-to-govuk-error-list should map the given express validation errors to the Gov UK error list format: - multiple errors" time="0.001">
    </testcase>
  </testsuite>
  <testsuite name="lib/planning-departments-to-nunjucks-list-items" errors="0" failures="0" skipped="0" timestamp="2021-09-07T02:23:31" time="0.1" tests="4">
    <testcase classname="lib/planning-departments-to-nunjucks-list-items departmentsToNunjucksItems should return the expected items list - empty list" name="lib/planning-departments-to-nunjucks-list-items departmentsToNunjucksItems should return the expected items list - empty list" time="0.001">
    </testcase>
    <testcase classname="lib/planning-departments-to-nunjucks-list-items departmentsToNunjucksItems should return the expected items list - one item, not selected" name="lib/planning-departments-to-nunjucks-list-items departmentsToNunjucksItems should return the expected items list - one item, not selected" time="0.001">
    </testcase>
    <testcase classname="lib/planning-departments-to-nunjucks-list-items departmentsToNunjucksItems should return the expected items list - two items, invalid selection" name="lib/planning-departments-to-nunjucks-list-items departmentsToNunjucksItems should return the expected items list - two items, invalid selection" time="0">
    </testcase>
    <testcase classname="lib/planning-departments-to-nunjucks-list-items departmentsToNunjucksItems should return the expected items list - three items, valid selection" name="lib/planning-departments-to-nunjucks-list-items departmentsToNunjucksItems should return the expected items list - three items, valid selection" time="0.001">
    </testcase>
  </testsuite>
  <testsuite name="lib/client-side/javascript-requiring-consent" errors="0" failures="0" skipped="0" timestamp="2021-09-07T02:23:31" time="0.125" tests="4">
    <testcase classname="lib/client-side/javascript-requiring-consent initialiseOptionalJavaScripts return early if cookie is null" name="lib/client-side/javascript-requiring-consent initialiseOptionalJavaScripts return early if cookie is null" time="0">
    </testcase>
    <testcase classname="lib/client-side/javascript-requiring-consent initialiseOptionalJavaScripts return early if `usage` is not defined" name="lib/client-side/javascript-requiring-consent initialiseOptionalJavaScripts return early if `usage` is not defined" time="0.001">
    </testcase>
    <testcase classname="lib/client-side/javascript-requiring-consent initialiseOptionalJavaScripts return early if `usage=false`" name="lib/client-side/javascript-requiring-consent initialiseOptionalJavaScripts return early if `usage=false`" time="0">
    </testcase>
    <testcase classname="lib/client-side/javascript-requiring-consent initialiseOptionalJavaScripts calls through if `usage=true`" name="lib/client-side/javascript-requiring-consent initialiseOptionalJavaScripts calls through if `usage=true`" time="0">
    </testcase>
  </testsuite>
  <testsuite name="lib/views" errors="0" failures="0" skipped="0" timestamp="2021-09-07T02:23:31" time="0.117" tests="1">
    <testcase classname="lib/views should have the expected defined constants" name="lib/views should have the expected defined constants" time="0">
    </testcase>
  </testsuite>
  <testsuite name="lib/add-key-value-pair" errors="0" failures="0" skipped="0" timestamp="2021-09-07T02:23:31" time="0.099" tests="4">
    <testcase classname="lib/add-key-value-pair should give the expected output - empty input" name="lib/add-key-value-pair should give the expected output - empty input" time="0">
    </testcase>
    <testcase classname="lib/add-key-value-pair should give the expected output - adds a key value pair" name="lib/add-key-value-pair should give the expected output - adds a key value pair" time="0">
    </testcase>
    <testcase classname="lib/add-key-value-pair should give the expected output - adds a key value pair - existing data" name="lib/add-key-value-pair should give the expected output - adds a key value pair - existing data" time="0">
    </testcase>
    <testcase classname="lib/add-key-value-pair should give the expected output - replaces key value if already set" name="lib/add-key-value-pair should give the expected output - replaces key value if already set" time="0.001">
    </testcase>
  </testsuite>
  <testsuite name="lib/appeal-site-address-to-array" errors="0" failures="0" skipped="0" timestamp="2021-09-07T02:23:31" time="0.109" tests="8">
    <testcase classname="lib/appeal-site-address-to-array should format the address as expected - full address" name="lib/appeal-site-address-to-array should format the address as expected - full address" time="0">
    </testcase>
    <testcase classname="lib/appeal-site-address-to-array should format the address as expected - minimum viable address" name="lib/appeal-site-address-to-array should format the address as expected - minimum viable address" time="0.001">
    </testcase>
    <testcase classname="lib/appeal-site-address-to-array should format the address as expected - address line 2 is missing" name="lib/appeal-site-address-to-array should format the address as expected - address line 2 is missing" time="0.01">
    </testcase>
    <testcase classname="lib/appeal-site-address-to-array should format the address as expected - town / city is missing is missing" name="lib/appeal-site-address-to-array should format the address as expected - town / city is missing is missing" time="0.001">
    </testcase>
    <testcase classname="lib/appeal-site-address-to-array should format the address as expected - undefined returns empty array" name="lib/appeal-site-address-to-array should format the address as expected - undefined returns empty array" time="0">
    </testcase>
    <testcase classname="lib/appeal-site-address-to-array should format the address as expected - empty object returns empty array" name="lib/appeal-site-address-to-array should format the address as expected - empty object returns empty array" time="0.001">
    </testcase>
    <testcase classname="lib/appeal-site-address-to-array should format the address as expected - unset appeal.appealSiteSection returns empty array" name="lib/appeal-site-address-to-array should format the address as expected - unset appeal.appealSiteSection returns empty array" time="0">
    </testcase>
    <testcase classname="lib/appeal-site-address-to-array should format the address as expected - unset appeal.appealSiteSection.siteAddress returns empty array" name="lib/appeal-site-address-to-array should format the address as expected - unset appeal.appealSiteSection.siteAddress returns empty array" time="0">
    </testcase>
  </testsuite>
  <testsuite name="lib/get-your-planning-appeal-link" errors="0" failures="0" skipped="0" timestamp="2021-09-07T02:23:31" time="0.087" tests="4">
    <testcase classname="lib/get-your-planning-appeal-link should return the expected link - a" name="lib/get-your-planning-appeal-link should return the expected link - a" time="0">
    </testcase>
    <testcase classname="lib/get-your-planning-appeal-link should return the expected link - bb" name="lib/get-your-planning-appeal-link should return the expected link - bb" time="0">
    </testcase>
    <testcase classname="lib/get-your-planning-appeal-link should return the expected link - 123456789" name="lib/get-your-planning-appeal-link should return the expected link - 123456789" time="0">
    </testcase>
    <testcase classname="lib/get-your-planning-appeal-link should return the expected link - zxc-qwe" name="lib/get-your-planning-appeal-link should return the expected link - zxc-qwe" time="0.001">
    </testcase>
  </testsuite>
  <testsuite name="lib/render-template-filter" errors="0" failures="0" skipped="0" timestamp="2021-09-07T02:23:31" time="0.113" tests="1">
    <testcase classname="lib/render-template-filter should call render on the given template path" name="lib/render-template-filter should call render on the given template path" time="0.001">
    </testcase>
  </testsuite>
  <testsuite name="routes/index" errors="0" failures="0" skipped="0" timestamp="2021-09-07T02:23:31" time="0.121" tests="1">
    <testcase classname="routes/index should define the expected routes" name="routes/index should define the expected routes" time="0.005">
    </testcase>
  </testsuite>
  <testsuite name="lib/clean-up-session" errors="0" failures="0" skipped="0" timestamp="2021-09-07T02:23:31" time="0.112" tests="3">
    <testcase classname="lib/clean-up-session no req.session object" name="lib/clean-up-session no req.session object" time="0.001">
    </testcase>
    <testcase classname="lib/clean-up-session req.session is only key" name="lib/clean-up-session req.session is only key" time="0">
    </testcase>
    <testcase classname="lib/clean-up-session other keys are not impacted" name="lib/clean-up-session other keys are not impacted" time="0">
    </testcase>
  </testsuite>
  <testsuite name="lib/get-base-url" errors="0" failures="0" skipped="0" timestamp="2021-09-07T02:23:31" time="0.097" tests="4">
    <testcase classname="lib/get-base-url unhappy path req.protocol not defined" name="lib/get-base-url unhappy path req.protocol not defined" time="0.001">
    </testcase>
    <testcase classname="lib/get-base-url unhappy path host not defined" name="lib/get-base-url unhappy path host not defined" time="0">
    </testcase>
    <testcase classname="lib/get-base-url happy path - should return the expected base url - http://example.com" name="lib/get-base-url happy path - should return the expected base url - http://example.com" time="0">
    </testcase>
    <testcase classname="lib/get-base-url happy path - should return the expected base url - https://example.org" name="lib/get-base-url happy path - should return the expected base url - https://example.org" time="0">
    </testcase>
  </testsuite>
  <testsuite name="services/task-status/task-statuses" errors="0" failures="0" skipped="0" timestamp="2021-09-07T02:23:31" time="0.072" tests="1">
    <testcase classname="services/task-status/task-statuses should have the expected, defined constants" name="services/task-status/task-statuses should have the expected, defined constants" time="0">
    </testcase>
  </testsuite>
  <testsuite name="lib/client-side/cookie/cookie-config" errors="0" failures="0" skipped="0" timestamp="2021-09-07T02:23:31" time="0.083" tests="4">
    <testcase classname="lib/client-side/cookie/cookie-config COOKIE_POLICY_KEY" name="lib/client-side/cookie/cookie-config COOKIE_POLICY_KEY" time="0">
    </testcase>
    <testcase classname="lib/client-side/cookie/cookie-config CSS_CLASSES" name="lib/client-side/cookie/cookie-config CSS_CLASSES" time="0">
    </testcase>
    <testcase classname="lib/client-side/cookie/cookie-config DEFAULT_COOKIE_POLICY" name="lib/client-side/cookie/cookie-config DEFAULT_COOKIE_POLICY" time="0">
    </testcase>
    <testcase classname="lib/client-side/cookie/cookie-config SELECTORS" name="lib/client-side/cookie/cookie-config SELECTORS" time="0.001">
    </testcase>
  </testsuite>
  <testsuite name="services/task-status/status-appeal-site-address" errors="0" failures="0" skipped="0" timestamp="2021-09-07T02:23:31" time="0.075" tests="5">
    <testcase classname="services/task-status/status-appeal-site-address should return the expected status - NOT STARTED - Not started by default" name="services/task-status/status-appeal-site-address should return the expected status - NOT STARTED - Not started by default" time="0.001">
    </testcase>
    <testcase classname="services/task-status/status-appeal-site-address should return the expected status - NOT STARTED - Requires postcode" name="services/task-status/status-appeal-site-address should return the expected status - NOT STARTED - Requires postcode" time="0">
    </testcase>
    <testcase classname="services/task-status/status-appeal-site-address should return the expected status - NOT STARTED - Requires addressLine1" name="services/task-status/status-appeal-site-address should return the expected status - NOT STARTED - Requires addressLine1" time="0">
    </testcase>
    <testcase classname="services/task-status/status-appeal-site-address should return the expected status - NOT STARTED - Empty strings are not valid" name="services/task-status/status-appeal-site-address should return the expected status - NOT STARTED - Empty strings are not valid" time="0">
    </testcase>
    <testcase classname="services/task-status/status-appeal-site-address should return the expected status - COMPLETED - Happy path" name="services/task-status/status-appeal-site-address should return the expected status - COMPLETED - Happy path" time="0">
    </testcase>
  </testsuite>
  <testsuite name="lib/filter-by-key" errors="0" failures="0" skipped="0" timestamp="2021-09-07T02:23:31" time="0.089" tests="4">
    <testcase classname="lib/filter-by-key should give the expected output - empty input" name="lib/filter-by-key should give the expected output - empty input" time="0">
    </testcase>
    <testcase classname="lib/filter-by-key should give the expected output - no match" name="lib/filter-by-key should give the expected output - no match" time="0">
    </testcase>
    <testcase classname="lib/filter-by-key should give the expected output - no match, several keys" name="lib/filter-by-key should give the expected output - no match, several keys" time="0">
    </testcase>
    <testcase classname="lib/filter-by-key should give the expected output - with match" name="lib/filter-by-key should give the expected output - with match" time="0">
    </testcase>
  </testsuite>
  <testsuite name="lib/flash-message" errors="0" failures="0" skipped="0" timestamp="2021-09-07T02:23:31" time="0.087" tests="2">
    <testcase classname="lib/flash-message should add one message to an empty array" name="lib/flash-message should add one message to an empty array" time="0">
    </testcase>
    <testcase classname="lib/flash-message should add messages to an existing array" name="lib/flash-message should add messages to an existing array" time="0">
    </testcase>
  </testsuite>
</testsuites>